1618499321349	geckodriver	INFO	Listening on 127.0.0.1:33047
1618499321355	mozrunner::runner	INFO	Running command: "/usr/bin/firefox" "--marionette" "-foreground" "-no-remote" "-profile" "/tmp/rust_mozprofiledJ0HUv"
[GFX1-]: glxtest: Could not connect to wayland socket
console.warn: SearchSettings: "get: No settings file exists, new profile?" (new Error("", "(unknown module)"))
1618499324964	Marionette	INFO	Listening on port 45145
1618499325033	Marionette	WARN	TLS certificate errors will be ignored for this session
Marionette threw an error: TypeError: browsingContextFn().currentWindowGlobal is null
getMarionetteCommandsActorProxy/get/<@chrome://marionette/content/actors/MarionetteCommandsParent.jsm:331:29

1618499340965	Marionette	INFO	Stopped listening on port 45145
1618499372312	geckodriver	INFO	Listening on 127.0.0.1:39063
1618499372318	mozrunner::runner	INFO	Running command: "/usr/bin/firefox" "--marionette" "-foreground" "-no-remote" "-profile" "/tmp/rust_mozprofile8lGkmS"
[GFX1-]: glxtest: Could not connect to wayland socket
console.warn: SearchSettings: "get: No settings file exists, new profile?" (new Error("", "(unknown module)"))
1618499375467	Marionette	INFO	Listening on port 39449
1618499375555	Marionette	WARN	TLS certificate errors will be ignored for this session
1618499465109	geckodriver	INFO	Listening on 127.0.0.1:52763
1618499465115	mozrunner::runner	INFO	Running command: "/usr/bin/firefox" "--marionette" "-foreground" "-no-remote" "-profile" "/tmp/rust_mozprofileCyTy7C"
[GFX1-]: glxtest: Could not connect to wayland socket
console.warn: SearchSettings: "get: No settings file exists, new profile?" (new Error("", "(unknown module)"))
1618499468367	Marionette	INFO	Listening on port 44023
1618499468454	Marionette	WARN	TLS certificate errors will be ignored for this session
console.error: services.settings: 
  main/fxmonitor-breaches Signature failed  TypeError: NetworkError when attempting to fetch resource.
console.error: services.settings: 
  main/message-groups Signature failed  TypeError: NetworkError when attempting to fetch resource.
1618499469954	Marionette	INFO	Stopped listening on port 44023
1618499490724	geckodriver	INFO	Listening on 127.0.0.1:34753
1618499490730	mozrunner::runner	INFO	Running command: "/usr/bin/firefox" "--marionette" "-foreground" "-no-remote" "-profile" "/tmp/rust_mozprofile1yRrx5"
[GFX1-]: glxtest: Could not connect to wayland socket
console.warn: SearchSettings: "get: No settings file exists, new profile?" (new Error("", "(unknown module)"))
1618499493918	Marionette	INFO	Listening on port 35187
1618499493968	Marionette	WARN	TLS certificate errors will be ignored for this session
1618499496138	Marionette	INFO	Stopped listening on port 39449
Marionette threw an error: TypeError: browsingContextFn().currentWindowGlobal is null
getMarionetteCommandsActorProxy/get/<@chrome://marionette/content/actors/MarionetteCommandsParent.jsm:331:29

1618499507802	Marionette	INFO	Stopped listening on port 35187
1618499521998	geckodriver	INFO	Listening on 127.0.0.1:56269
1618499522004	mozrunner::runner	INFO	Running command: "/usr/bin/firefox" "--marionette" "-foreground" "-no-remote" "-profile" "/tmp/rust_mozprofileFsIsLp"
[GFX1-]: glxtest: Could not connect to wayland socket
console.warn: SearchSettings: "get: No settings file exists, new profile?" (new Error("", "(unknown module)"))
1618499525120	Marionette	INFO	Listening on port 41843
1618499525236	Marionette	WARN	TLS certificate errors will be ignored for this session
1618499609241	Marionette	INFO	Stopped listening on port 41843
1618499619394	geckodriver	INFO	Listening on 127.0.0.1:37881
1618499619402	mozrunner::runner	INFO	Running command: "/usr/bin/firefox" "--marionette" "-foreground" "-no-remote" "-profile" "/tmp/rust_mozprofileJVDEso"
[GFX1-]: glxtest: Could not connect to wayland socket
console.warn: SearchSettings: "get: No settings file exists, new profile?" (new Error("", "(unknown module)"))
1618499622509	Marionette	INFO	Listening on port 44163
1618499622544	Marionette	WARN	TLS certificate errors will be ignored for this session
1618499659452	Marionette	INFO	Stopped listening on port 44163
1618499727305	geckodriver	INFO	Listening on 127.0.0.1:47311
1618499727311	mozrunner::runner	INFO	Running command: "/usr/bin/firefox" "--marionette" "-foreground" "-no-remote" "-profile" "/tmp/rust_mozprofileXsm2CC"
[GFX1-]: glxtest: Could not connect to wayland socket
console.warn: SearchSettings: "get: No settings file exists, new profile?" (new Error("", "(unknown module)"))
1618499730451	Marionette	INFO	Listening on port 44057
1618499730555	Marionette	WARN	TLS certificate errors will be ignored for this session
1618499777937	Marionette	INFO	Stopped listening on port 44057
1618499779553	geckodriver	INFO	Listening on 127.0.0.1:39669
1618499779559	mozrunner::runner	INFO	Running command: "/usr/bin/firefox" "--marionette" "-foreground" "-no-remote" "-profile" "/tmp/rust_mozprofileycj65h"
[GFX1-]: glxtest: Could not connect to wayland socket
console.warn: SearchSettings: "get: No settings file exists, new profile?" (new Error("", "(unknown module)"))
1618499782697	Marionette	INFO	Listening on port 36603
1618499782792	Marionette	WARN	TLS certificate errors will be ignored for this session
1618499838006	Marionette	INFO	Stopped listening on port 36603
1618499843830	geckodriver	INFO	Listening on 127.0.0.1:54667
1618499843836	mozrunner::runner	INFO	Running command: "/usr/bin/firefox" "--marionette" "-foreground" "-no-remote" "-profile" "/tmp/rust_mozprofilexcx6Hi"
[GFX1-]: glxtest: Could not connect to wayland socket
console.warn: SearchSettings: "get: No settings file exists, new profile?" (new Error("", "(unknown module)"))
1618499846876	Marionette	INFO	Listening on port 33969
1618499846980	Marionette	WARN	TLS certificate errors will be ignored for this session
1618499891362	Marionette	INFO	Stopped listening on port 33969

###!!! [Parent][RunMessage] Error: Channel closing: too late to send/recv, messages will be lost

1618499910479	geckodriver	INFO	Listening on 127.0.0.1:41867
1618499910485	mozrunner::runner	INFO	Running command: "/usr/bin/firefox" "--marionette" "-foreground" "-no-remote" "-profile" "/tmp/rust_mozprofileJbh4uT"
[GFX1-]: glxtest: Could not connect to wayland socket
console.warn: SearchSettings: "get: No settings file exists, new profile?" (new Error("", "(unknown module)"))
1618499913694	Marionette	INFO	Listening on port 41543
1618499913747	Marionette	WARN	TLS certificate errors will be ignored for this session
1618499945732	Marionette	INFO	Stopped listening on port 41543

###!!! [Parent][RunMessage] Error: Channel closing: too late to send/recv, messages will be lost

1618499986647	geckodriver	INFO	Listening on 127.0.0.1:46803
1618499986655	mozrunner::runner	INFO	Running command: "/usr/bin/firefox" "--marionette" "-foreground" "-no-remote" "-profile" "/tmp/rust_mozprofilesBky24"
[GFX1-]: glxtest: Could not connect to wayland socket
console.warn: SearchSettings: "get: No settings file exists, new profile?" (new Error("", "(unknown module)"))
1618499990413	Marionette	INFO	Listening on port 42879
1618499990496	Marionette	WARN	TLS certificate errors will be ignored for this session
1618500081932	Marionette	INFO	Stopped listening on port 42879
1618500088095	geckodriver	INFO	Listening on 127.0.0.1:37441
1618500088108	mozrunner::runner	INFO	Running command: "/usr/bin/firefox" "--marionette" "-foreground" "-no-remote" "-profile" "/tmp/rust_mozprofile4dz17a"
[GFX1-]: glxtest: Could not connect to wayland socket
console.warn: SearchSettings: "get: No settings file exists, new profile?" (new Error("", "(unknown module)"))
1618500092109	Marionette	INFO	Listening on port 33547
1618500092161	Marionette	WARN	TLS certificate errors will be ignored for this session
Exiting due to channel error.
Exiting due to channel error.
Exiting due to channel error.
1618500243190	geckodriver	INFO	Listening on 127.0.0.1:58263
1618500243200	mozrunner::runner	INFO	Running command: "/usr/bin/firefox" "--marionette" "-foreground" "-no-remote" "-profile" "/tmp/rust_mozprofile2Zpjoc"
[GFX1-]: glxtest: Could not connect to wayland socket
console.warn: SearchSettings: "get: No settings file exists, new profile?" (new Error("", "(unknown module)"))
1618500246603	Marionette	INFO	Listening on port 46535
1618500246646	Marionette	WARN	TLS certificate errors will be ignored for this session
console.log: WebExtensions: reset-default-search: No addons in our list are installed.
1618500822404	Marionette	INFO	Stopped listening on port 46535
1618500824392	geckodriver	INFO	Listening on 127.0.0.1:44611
1618500824400	mozrunner::runner	INFO	Running command: "/usr/bin/firefox" "--marionette" "-foreground" "-no-remote" "-profile" "/tmp/rust_mozprofileW9E056"
[GFX1-]: glxtest: Could not connect to wayland socket
console.warn: SearchSettings: "get: No settings file exists, new profile?" (new Error("", "(unknown module)"))
1618500827895	Marionette	INFO	Listening on port 45183
1618500827944	Marionette	WARN	TLS certificate errors will be ignored for this session
1618500940333	Marionette	INFO	Stopped listening on port 45183
1618500942083	geckodriver	INFO	Listening on 127.0.0.1:44819
1618500942093	mozrunner::runner	INFO	Running command: "/usr/bin/firefox" "--marionette" "-foreground" "-no-remote" "-profile" "/tmp/rust_mozprofileZLueHc"
[GFX1-]: glxtest: Could not connect to wayland socket
console.warn: SearchSettings: "get: No settings file exists, new profile?" (new Error("", "(unknown module)"))
1618500945771	Marionette	INFO	Listening on port 39285
1618500945866	Marionette	WARN	TLS certificate errors will be ignored for this session
Marionette threw an error: TypeError: browsingContextFn().currentWindowGlobal is null
getMarionetteCommandsActorProxy/get/<@chrome://marionette/content/actors/MarionetteCommandsParent.jsm:331:29

1618500959536	Marionette	INFO	Stopped listening on port 39285
1618500970555	geckodriver	INFO	Listening on 127.0.0.1:56547
1618500970562	mozrunner::runner	INFO	Running command: "/usr/bin/firefox" "--marionette" "-foreground" "-no-remote" "-profile" "/tmp/rust_mozprofileAyUFYD"
[GFX1-]: glxtest: Could not connect to wayland socket
console.warn: SearchSettings: "get: No settings file exists, new profile?" (new Error("", "(unknown module)"))
1618500974162	Marionette	INFO	Listening on port 45161
1618500974235	Marionette	WARN	TLS certificate errors will be ignored for this session
1618501002599	geckodriver	INFO	Listening on 127.0.0.1:58465
1618501002609	mozrunner::runner	INFO	Running command: "/usr/bin/firefox" "--marionette" "-foreground" "-no-remote" "-profile" "/tmp/rust_mozprofilelqPy4q"
[GFX1-]: glxtest: Could not connect to wayland socket
console.warn: SearchSettings: "get: No settings file exists, new profile?" (new Error("", "(unknown module)"))
1618501006254	Marionette	INFO	Listening on port 40079
1618501006388	Marionette	WARN	TLS certificate errors will be ignored for this session
1618501109547	Marionette	INFO	Stopped listening on port 40079
1618501111017	geckodriver	INFO	Listening on 127.0.0.1:39799
1618501111028	mozrunner::runner	INFO	Running command: "/usr/bin/firefox" "--marionette" "-foreground" "-no-remote" "-profile" "/tmp/rust_mozprofilemB8jSZ"
[GFX1-]: glxtest: Could not connect to wayland socket
console.warn: SearchSettings: "get: No settings file exists, new profile?" (new Error("", "(unknown module)"))
1618501115347	Marionette	INFO	Listening on port 45075
1618501115386	Marionette	WARN	TLS certificate errors will be ignored for this session
console.log: WebExtensions: reset-default-search: No addons in our list are installed.
JavaScript error: https://nosiapps.gov.cv/images/IGRP/IGRP2.3/core/igrp/IGRP.class.js?v=202115, line 18: TypeError: $.EVENTS is not a constructor
JavaScript error: https://nosiapps.gov.cv/images/IGRP/IGRP2.3/core/igrp/sidebar/IGRP.sidebar.js?v=202115, line 4: TypeError: $.IGRP is undefined
JavaScript error: https://nosiapps.gov.cv/images/IGRP/IGRP2.3/core/igrp/searchlist/IGRP.searchlist.js, line 110: TypeError: $.IGRP is undefined
JavaScript error: https://nosiapps.gov.cv/images/IGRP/IGRP2.3/core/igrp/rightpanel/rightpanel.js, line 5: TypeError: $.IGRP is undefined
JavaScript error: https://nosiapps.gov.cv/images/IGRP/IGRP2.3/core/igrp/themes/IGRP.themes.js?v=202115, line 15: TypeError: $.IGRP is undefined
JavaScript error: https://nosiapps.gov.cv/images/IGRP/IGRP2.3/core/igrp/scrolltop/IGRP.scrolltop.js?v=202115, line 26: TypeError: $.IGRP is undefined
JavaScript error: https://nosiapps.gov.cv/eduglobal_prod/!REDGLOBAL.GLB_DISPATCHER.main?igrpcebddeeade=5968162940536000408&p_env_dad=//cece&p_prm_app=//ACB6B8BA&p_prm_page=//ACB6B8BAA0A9CDD1CF&p_prm_action=//DBACB6B8BAD1ACB6B8BAA0A9CDB3B6ACABBEACAAB2BEADB6B0A0B7ABB2B3D199908D92A09A9B968B9E8DA0C6CFC7C6C6A0C6CFC7C6C6DB&p_prm_target=_blank&p_editar=1&p_igrpcebddeeade=8FA08C8A929E8D9690A0969BC2CECAC6C9CCCBCFCDD98FA097908D9E8D9690A0969BC2CECDCAC6CFC6CBD98FA08F939E9190A09A8C9CA0969BC2C7CCC7CFC6D98FA08B8A8D929EA0969BC2CDC8CBC6CDD98FA09B9E8B9EA08C8A929E8D9690C2CFC9D2CFCAD2CDCFCDCED98FA09B9E8B9EA08B8A8D929EC2CFC9D2CFCAD2CDCFCDCED98FA08C8A929E8D9690C2D98FA08B8A8D929E97908D9E9B968C9CC2CDC8CBC6CDD2C9D2CED2CFC8C5CCCFD2CFC7C5CDCF, line 2: TypeError: $.IGRP is undefined
JavaScript error: https://nosiapps.gov.cv/eduglobal_prod/!REDGLOBAL.GLB_DISPATCHER.main?igrpcebddeeade=5968162940536000408&p_env_dad=//cece&p_prm_app=//ACB6B8BA&p_prm_page=//ACB6B8BAA0A9CDD1CF&p_prm_action=//DBACB6B8BAD1ACB6B8BAA0A9CDB3B6ACABBEACAAB2BEADB6B0A0B7ABB2B3D199908D92A09A9B968B9E8DA0C6CFC7C6C6A0C6CFC7C6C6DB&p_prm_target=_blank&p_editar=1&p_igrpcebddeeade=8FA08C8A929E8D9690A0969BC2CECAC6C9CCCBCFCDD98FA097908D9E8D9690A0969BC2CECDCAC6CFC6CBD98FA08F939E9190A09A8C9CA0969BC2C7CCC7CFC6D98FA08B8A8D929EA0969BC2CDC8CBC6CDD98FA09B9E8B9EA08C8A929E8D9690C2CFC9D2CFCAD2CDCFCDCED98FA09B9E8B9EA08B8A8D929EC2CFC9D2CFCAD2CDCFCDCED98FA08C8A929E8D9690C2D98FA08B8A8D929E97908D9E9B968C9CC2CDC8CBC6CDD2C9D2CED2CFC8C5CCCFD2CFC7C5CDCF, line 3: TypeError: $.IGRP is undefined
JavaScript error: https://nosiapps.gov.cv/images/IGRP/IGRP2.3/plugins/tabs/igrp.tabs.js?v=202115, line 127: TypeError: $.IGRP is undefined
JavaScript error: https://nosiapps.gov.cv/images/IGRP/IGRP2.3/core/igrp/table/igrp.table.js?v=202115, line 29: TypeError: $.IGRP is undefined
JavaScript error: https://nosiapps.gov.cv/images/IGRP/IGRP2.3/plugins/datepicker2/IGRP.daterangepicker.config.js?v=202115, line 13: TypeError: $.IGRP is undefined
JavaScript error: https://nosiapps.gov.cv/images/IGRP/IGRP2.3/plugins/datepicker2/locale/dp.locale.pt.js?v=202115, line 3: TypeError: $.IGRP is undefined
JavaScript error: https://nosiapps.gov.cv/images/IGRP/IGRP2.3/plugins/select2/select2.init.js?v=202115, line 32: TypeError: $.IGRP is undefined
JavaScript error: https://nosiapps.gov.cv/eduglobal_prod/!REDGLOBAL.GLB_DISPATCHER.main?igrpcebddeeade=5968162940536000408&p_env_dad=//cece&p_prm_app=//ACB6B8BA&p_prm_page=//ACB6B8BAA0A9CDD1CF&p_prm_action=//DBACB6B8BAD1ACB6B8BAA0A9CDB3B6ACABBEACAAB2BEADB6B0A0B7ABB2B3D199908D92A09A9B968B9E8DA0C6CFC7C6C6A0C6CFC7C6C6DB&p_prm_target=_blank&p_editar=1&p_igrpcebddeeade=8FA08C8A929E8D9690A0969BC2CECAC6C9CCCBCFCDD98FA097908D9E8D9690A0969BC2CECDCAC6CFC6CBD98FA08F939E9190A09A8C9CA0969BC2C7CCC7CFC6D98FA08B8A8D929EA0969BC2CDC8CBC6CDD98FA09B9E8B9EA08C8A929E8D9690C2CFC9D2CFCAD2CDCFCDCED98FA09B9E8B9EA08B8A8D929EC2CFC9D2CFCAD2CDCFCDCED98FA08C8A929E8D9690C2D98FA08B8A8D929E97908D9E9B968C9CC2CDC8CBC6CDD2C9D2CED2CFC8C5CCCFD2CFC7C5CDCF, line 2: TypeError: $.IGRP is undefined
1618502720449	Marionette	INFO	Stopped listening on port 45075
1618502757832	geckodriver	INFO	Listening on 127.0.0.1:56293
1618502757841	mozrunner::runner	INFO	Running command: "/usr/bin/firefox" "--marionette" "-foreground" "-no-remote" "-profile" "/tmp/rust_mozprofilePuNr5C"
[GFX1-]: glxtest: Could not connect to wayland socket
console.warn: SearchSettings: "get: No settings file exists, new profile?" (new Error("", "(unknown module)"))
1618502761055	Marionette	INFO	Listening on port 33105
1618502761178	Marionette	WARN	TLS certificate errors will be ignored for this session
1618503130704	geckodriver	INFO	Listening on 127.0.0.1:59097
1618503130711	mozrunner::runner	INFO	Running command: "/usr/bin/firefox" "--marionette" "-foreground" "-no-remote" "-profile" "/tmp/rust_mozprofileuCz04V"
[GFX1-]: glxtest: Could not connect to wayland socket
console.warn: SearchSettings: "get: No settings file exists, new profile?" (new Error("", "(unknown module)"))
1618503133785	Marionette	INFO	Listening on port 35021
1618503133880	Marionette	WARN	TLS certificate errors will be ignored for this session
console.log: WebExtensions: reset-default-search: No addons in our list are installed.
1618503415806	geckodriver	INFO	Listening on 127.0.0.1:58311
1618503415813	mozrunner::runner	INFO	Running command: "/usr/bin/firefox" "--marionette" "-foreground" "-no-remote" "-profile" "/tmp/rust_mozprofileotAmOt"
[GFX1-]: glxtest: Could not connect to wayland socket
console.warn: SearchSettings: "get: No settings file exists, new profile?" (new Error("", "(unknown module)"))
1618503419128	Marionette	INFO	Listening on port 38549
1618503419176	Marionette	WARN	TLS certificate errors will be ignored for this session
Marionette threw an error: TypeError: browsingContextFn().currentWindowGlobal is null
getMarionetteCommandsActorProxy/get/<@chrome://marionette/content/actors/MarionetteCommandsParent.jsm:331:29

1618503426905	Marionette	INFO	Stopped listening on port 38549
1618503431897	Marionette	INFO	Stopped listening on port 35021
1618503433827	Marionette	INFO	Stopped listening on port 33105
